app/build/outputs/logs/manifest-merger-debug-report.txt
-- Merging decision tree log ---
manifest
ADDED from src\main\AndroidManifest.xml:2:1-251:12
	package
		ADDED from src\main\AndroidManifest.xml:3:5-25
		INJECTED from src\main\AndroidManifest.xml
		INJECTED from src\main\AndroidManifest.xml
	android:versionName
		ADDED from src\main\AndroidManifest.xml:5:5-34
		INJECTED from src\main\AndroidManifest.xml
		INJECTED from src\main\AndroidManifest.xml
	android:versionCode
		ADDED from src\main\AndroidManifest.xml:4:5-31
		INJECTED from src\main\AndroidManifest.xml
		INJECTED from src\main\AndroidManifest.xml
	xmlns:android
		ADDED from src\main\AndroidManifest.xml:2:11-69
uses-sdk
ADDED from src\main\AndroidManifest.xml:7:5-9:41
MERGED from [com.android.support:appcompat-v7:23.1.1] AndroidManifest.xml:20:5-43
MERGED from [com.android.support:support-v4:23.1.1] AndroidManifest.xml:20:5-43
MERGED from [com.mikepenz:materialdrawer:4.5.5] AndroidManifest.xml:8:5-10:41
MERGED from [com.android.support:appcompat-v7:23.1.1] AndroidManifest.xml:20:5-43
MERGED from [com.android.support:support-v4:23.1.1] AndroidManifest.xml:20:5-43
MERGED from [com.android.support:recyclerview-v7:23.1.1] AndroidManifest.xml:20:5-43
MERGED from [com.android.support:support-v4:23.1.1] AndroidManifest.xml:20:5-43
MERGED from [com.mikepenz:materialize:0.5.1] AndroidManifest.xml:8:5-10:41
MERGED from [com.android.support:appcompat-v7:23.1.1] AndroidManifest.xml:20:5-43
MERGED from [com.android.support:support-v4:23.1.1] AndroidManifest.xml:20:5-43
MERGED from [com.mikepenz:iconics-core:2.5.0] AndroidManifest.xml:8:5-10:41
MERGED from [com.android.support:appcompat-v7:23.1.1] AndroidManifest.xml:20:5-43
MERGED from [com.android.support:support-v4:23.1.1] AndroidManifest.xml:20:5-43
MERGED from [com.github.dexafree:materiallist:3.1.2] AndroidManifest.xml:7:5-9:41
MERGED from [com.android.support:appcompat-v7:23.1.1] AndroidManifest.xml:20:5-43
MERGED from [com.android.support:support-v4:23.1.1] AndroidManifest.xml:20:5-43
MERGED from [com.android.support:cardview-v7:23.1.0] AndroidManifest.xml:20:5-43
MERGED from [com.android.support:recyclerview-v7:23.1.1] AndroidManifest.xml:20:5-43
MERGED from [com.android.support:support-v4:23.1.1] AndroidManifest.xml:20:5-43
MERGED from [com.github.clans:fab:1.6.2] AndroidManifest.xml:8:5-10:41
MERGED from [com.github.halysongoncalves:pugnotification:1.8.1] AndroidManifest.xml:7:5-9:41
MERGED from [com.android.support:support-v4:23.1.1] AndroidManifest.xml:20:5-43
MERGED from [de.hdodenhof:circleimageview:2.0.0] AndroidManifest.xml:5:5-7:41
MERGED from [com.ogaclejapan.smarttablayout:library:1.6.0] AndroidManifest.xml:8:5-10:41
MERGED from [com.github.arimorty:floatingsearchview:1.1.2] AndroidManifest.xml:7:5-9:41
MERGED from [me.grantland:autofittextview:0.2.0] AndroidManifest.xml:7:5-9:41
MERGED from [com.bartoszlipinski:viewpropertyobjectanimator:1.2.0] AndroidManifest.xml:7:5-9:41
MERGED from [com.android.support:support-v4:23.1.1] AndroidManifest.xml:20:5-43
MERGED from [com.android.support:appcompat-v7:23.1.1] AndroidManifest.xml:20:5-43
MERGED from [com.android.support:support-v4:23.1.1] AndroidManifest.xml:20:5-43
MERGED from [com.android.support:cardview-v7:23.1.0] AndroidManifest.xml:20:5-43
MERGED from [com.android.support:recyclerview-v7:23.1.1] AndroidManifest.xml:20:5-43
MERGED from [com.android.support:support-v4:23.1.1] AndroidManifest.xml:20:5-43
MERGED from [com.android.support:design:23.0.1] AndroidManifest.xml:20:5-43
MERGED from [com.android.support:support-v4:23.1.1] AndroidManifest.xml:20:5-43
MERGED from [com.android.support:appcompat-v7:23.1.1] AndroidManifest.xml:20:5-43
MERGED from [com.android.support:support-v4:23.1.1] AndroidManifest.xml:20:5-43
MERGED from [com.github.afollestad.material-dialogs:core:0.8.5.3] AndroidManifest.xml:8:5-11:75
MERGED from [me.zhanghai.android.materialprogressbar:library:1.1.4] AndroidManifest.xml:11:5-13:41
MERGED from [com.android.support:appcompat-v7:23.1.1] AndroidManifest.xml:20:5-43
MERGED from [com.android.support:support-v4:23.1.1] AndroidManifest.xml:20:5-43
MERGED from [com.android.support:recyclerview-v7:23.1.1] AndroidManifest.xml:20:5-43
MERGED from [com.android.support:support-v4:23.1.1] AndroidManifest.xml:20:5-43
MERGED from [com.android.support:appcompat-v7:23.1.1] AndroidManifest.xml:20:5-43
MERGED from [com.android.support:support-v4:23.1.1] AndroidManifest.xml:20:5-43
MERGED from [com.android.support:support-v4:23.1.1] AndroidManifest.xml:20:5-43
	tools:overrideLibrary
		ADDED from [com.github.afollestad.material-dialogs:core:0.8.5.3] AndroidManifest.xml:11:9-72
	android:targetSdkVersion
		ADDED from src\main\AndroidManifest.xml:9:9-38
	android:minSdkVersion
		ADDED from src\main\AndroidManifest.xml:8:9-35
uses-permission#android.permission.READ_SYNC_STATS
ADDED from src\main\AndroidManifest.xml:11:5-74
	android:name
		ADDED from src\main\AndroidManifest.xml:11:22-71
uses-permission#android.permission.WRITE_EXTERNAL_STORAGE
ADDED from src\main\AndroidManifest.xml:12:5-81
	android:name
		ADDED from src\main\AndroidManifest.xml:12:22-78
uses-permission#android.permission.READ_EXTERNAL_STORAGE
ADDED from src\main\AndroidManifest.xml:13:5-80
	android:name
		ADDED from src\main\AndroidManifest.xml:13:22-77
uses-permission#android.permission.INTERNET
ADDED from src\main\AndroidManifest.xml:14:5-67
MERGED from [com.github.halysongoncalves:pugnotification:1.8.1] AndroidManifest.xml:11:5-67
	android:name
		ADDED from src\main\AndroidManifest.xml:14:22-64
uses-permission#android.permission.ACCESS_NETWORK_STATE
ADDED from src\main\AndroidManifest.xml:15:5-79
	android:name
		ADDED from src\main\AndroidManifest.xml:15:22-76
uses-permission#android.permission.READ_PHONE_STATE
ADDED from src\main\AndroidManifest.xml:16:5-75
	android:name
		ADDED from src\main\AndroidManifest.xml:16:22-72
uses-permission#android.permission.RECEIVE_BOOT_COMPLETED
ADDED from src\main\AndroidManifest.xml:17:5-81
	android:name
		ADDED from src\main\AndroidManifest.xml:17:22-78
uses-permission#android.permission.ACCESS_FINE_LOCATION
ADDED from src\main\AndroidManifest.xml:18:5-79
	android:name
		ADDED from src\main\AndroidManifest.xml:18:22-76
uses-permission#android.permission.ACCESS_COARSE_LOCATION
ADDED from src\main\AndroidManifest.xml:19:5-81
	android:name
		ADDED from src\main\AndroidManifest.xml:19:22-78
uses-permission#android.permission.AUTHENTICATE_ACCOUNTS
ADDED from src\main\AndroidManifest.xml:20:5-80
	android:name
		ADDED from src\main\AndroidManifest.xml:20:22-77
uses-permission#android.permission.MANAGE_ACCOUNTS
ADDED from src\main\AndroidManifest.xml:21:5-74
	android:name
		ADDED from src\main\AndroidManifest.xml:21:22-71
uses-permission#android.permission.USE_CREDENTIALS
ADDED from src\main\AndroidManifest.xml:22:5-74
	android:name
		ADDED from src\main\AndroidManifest.xml:22:22-71
uses-permission#android.permission.READ_SYNC_SETTINGS
ADDED from src\main\AndroidManifest.xml:23:5-77
	android:name
		ADDED from src\main\AndroidManifest.xml:23:22-74
uses-permission#android.permission.WRITE_SYNC_SETTINGS
ADDED from src\main\AndroidManifest.xml:24:5-78
	android:name
		ADDED from src\main\AndroidManifest.xml:24:22-75
uses-permission#android.permission.VIBRATE
ADDED from src\main\AndroidManifest.xml:25:5-66
MERGED from [com.github.halysongoncalves:pugnotification:1.8.1] AndroidManifest.xml:12:5-66
	android:name
		ADDED from src\main\AndroidManifest.xml:25:22-63
application
ADDED from src\main\AndroidManifest.xml:27:5-249:19
MERGED from [com.android.support:appcompat-v7:23.1.1] AndroidManifest.xml:22:5-20
MERGED from [com.android.support:support-v4:23.1.1] AndroidManifest.xml:22:5-20
MERGED from [com.android.support:appcompat-v7:23.1.1] AndroidManifest.xml:22:5-20
MERGED from [com.android.support:support-v4:23.1.1] AndroidManifest.xml:22:5-20
MERGED from [com.android.support:support-v4:23.1.1] AndroidManifest.xml:22:5-20
MERGED from [com.android.support:appcompat-v7:23.1.1] AndroidManifest.xml:22:5-20
MERGED from [com.android.support:support-v4:23.1.1] AndroidManifest.xml:22:5-20
MERGED from [com.android.support:appcompat-v7:23.1.1] AndroidManifest.xml:22:5-20
MERGED from [com.android.support:support-v4:23.1.1] AndroidManifest.xml:22:5-20
MERGED from [com.github.dexafree:materiallist:3.1.2] AndroidManifest.xml:11:5-14:19
MERGED from [com.android.support:appcompat-v7:23.1.1] AndroidManifest.xml:22:5-20
MERGED from [com.android.support:support-v4:23.1.1] AndroidManifest.xml:22:5-20
MERGED from [com.android.support:cardview-v7:23.1.0] AndroidManifest.xml:22:5-20
MERGED from [com.android.support:support-v4:23.1.1] AndroidManifest.xml:22:5-20
MERGED from [com.github.clans:fab:1.6.2] AndroidManifest.xml:12:5-20
MERGED from [com.android.support:support-v4:23.1.1] AndroidManifest.xml:22:5-20
MERGED from [de.hdodenhof:circleimageview:2.0.0] AndroidManifest.xml:9:5-20
MERGED from [com.github.arimorty:floatingsearchview:1.1.2] AndroidManifest.xml:11:5-20
MERGED from [me.grantland:autofittextview:0.2.0] AndroidManifest.xml:11:5-47
MERGED from [com.android.support:support-v4:23.1.1] AndroidManifest.xml:22:5-20
MERGED from [com.android.support:appcompat-v7:23.1.1] AndroidManifest.xml:22:5-20
MERGED from [com.android.support:support-v4:23.1.1] AndroidManifest.xml:22:5-20
MERGED from [com.android.support:cardview-v7:23.1.0] AndroidManifest.xml:22:5-20
MERGED from [com.android.support:support-v4:23.1.1] AndroidManifest.xml:22:5-20
MERGED from [com.android.support:design:23.0.1] AndroidManifest.xml:22:5-20
MERGED from [com.android.support:support-v4:23.1.1] AndroidManifest.xml:22:5-20
MERGED from [com.android.support:appcompat-v7:23.1.1] AndroidManifest.xml:22:5-20
MERGED from [com.android.support:support-v4:23.1.1] AndroidManifest.xml:22:5-20
MERGED from [com.github.afollestad.material-dialogs:core:0.8.5.3] AndroidManifest.xml:13:5-20
MERGED from [com.android.support:appcompat-v7:23.1.1] AndroidManifest.xml:22:5-20
MERGED from [com.android.support:support-v4:23.1.1] AndroidManifest.xml:22:5-20
MERGED from [com.android.support:support-v4:23.1.1] AndroidManifest.xml:22:5-20
MERGED from [com.android.support:appcompat-v7:23.1.1] AndroidManifest.xml:22:5-20
MERGED from [com.android.support:support-v4:23.1.1] AndroidManifest.xml:22:5-20
MERGED from [com.android.support:support-v4:23.1.1] AndroidManifest.xml:22:5-20
	android:label
		ADDED from src\main\AndroidManifest.xml:30:9-41
	android:allowBackup
		ADDED from src\main\AndroidManifest.xml:28:9-35
	android:icon
		ADDED from src\main\AndroidManifest.xml:29:9-45
	android:theme
		ADDED from src\main\AndroidManifest.xml:31:9-56
meta-data#com.google.android.gms.analytics.globalConfigResource
ADDED from src\main\AndroidManifest.xml:34:9-36:54
	android:resource
		ADDED from src\main\AndroidManifest.xml:36:13-51
	android:name
		ADDED from src\main\AndroidManifest.xml:35:13-81
activity#com.savare.activity.material.designer.LoginMDActivity
ADDED from src\main\AndroidManifest.xml:38:9-47:20
	android:label
		ADDED from src\main\AndroidManifest.xml:41:13-45
	android:theme
		ADDED from src\main\AndroidManifest.xml:40:13-48
	android:name
		ADDED from src\main\AndroidManifest.xml:39:13-71
intent-filter#android.intent.action.MAIN+android.intent.category.LAUNCHER
ADDED from src\main\AndroidManifest.xml:42:13-46:29
action#android.intent.action.MAIN
ADDED from src\main\AndroidManifest.xml:43:17-69
	android:name
		ADDED from src\main\AndroidManifest.xml:43:25-66
category#android.intent.category.LAUNCHER
ADDED from src\main\AndroidManifest.xml:45:17-77
	android:name
		ADDED from src\main\AndroidManifest.xml:45:27-74
activity#com.savare.activity.CadastroUsuarioActivity
ADDED from src\main\AndroidManifest.xml:48:9-70
	android:name
		ADDED from src\main\AndroidManifest.xml:48:19-67
activity#com.savare.activity.InicioActivity
ADDED from src\main\AndroidManifest.xml:49:9-61
	android:name
		ADDED from src\main\AndroidManifest.xml:49:19-58
activity#com.savare.activity.ClienteListaActivity
ADDED from src\main\AndroidManifest.xml:50:9-58:20
	android:name
		ADDED from src\main\AndroidManifest.xml:50:19-64
intent-filter#android.intent.action.SEARCH
ADDED from src\main\AndroidManifest.xml:51:13-53:29
action#android.intent.action.SEARCH
ADDED from src\main\AndroidManifest.xml:52:17-71
	android:name
		ADDED from src\main\AndroidManifest.xml:52:25-68
meta-data#android.app.searchable
ADDED from src\main\AndroidManifest.xml:55:13-57:57
	android:resource
		ADDED from src\main\AndroidManifest.xml:57:17-54
	android:name
		ADDED from src\main\AndroidManifest.xml:56:17-54
activity#com.savare.activity.ClienteDetalhesActivity
ADDED from src\main\AndroidManifest.xml:59:9-79
	android:name
		ADDED from src\main\AndroidManifest.xml:59:19-67
activity#com.savare.activity.OrcamentoActivity
ADDED from src\main\AndroidManifest.xml:60:9-73:20
	android:uiOptions
		ADDED from src\main\AndroidManifest.xml:62:13-57
	android:name
		ADDED from src\main\AndroidManifest.xml:61:13-55
meta-data#android.support.UI_OPTIONS
ADDED from src\main\AndroidManifest.xml:70:13-72:60
	android:value
		ADDED from src\main\AndroidManifest.xml:72:17-57
	android:name
		ADDED from src\main\AndroidManifest.xml:71:17-58
activity#com.savare.activity.ProdutoListaActivity
ADDED from src\main\AndroidManifest.xml:74:9-76
	android:name
		ADDED from src\main\AndroidManifest.xml:74:19-64
activity#com.savare.activity.OrcamentoProdutoDetalhesActivity
ADDED from src\main\AndroidManifest.xml:75:9-79
	android:name
		ADDED from src\main\AndroidManifest.xml:75:19-76
activity#com.savare.activity.OrcamentoPlanoPagamentoActivity
ADDED from src\main\AndroidManifest.xml:76:9-78
	android:name
		ADDED from src\main\AndroidManifest.xml:76:19-75
activity#com.savare.activity.ListaOrcamentoPedidoActivity
ADDED from src\main\AndroidManifest.xml:77:9-75
	android:name
		ADDED from src\main\AndroidManifest.xml:77:19-72
activity#com.savare.activity.ListaTitulosActivity
ADDED from src\main\AndroidManifest.xml:78:9-67
	android:name
		ADDED from src\main\AndroidManifest.xml:78:19-64
activity#com.savare.activity.SincronizacaoActivity
ADDED from src\main\AndroidManifest.xml:79:9-68
	android:name
		ADDED from src\main\AndroidManifest.xml:79:19-65
activity#com.savare.activity.ConfiguracoesActivity
ADDED from src\main\AndroidManifest.xml:80:9-68
	android:name
		ADDED from src\main\AndroidManifest.xml:80:19-65
activity#com.savare.activity.fragment.OrcamentoTabulacaoFragment
ADDED from src\main\AndroidManifest.xml:81:9-83:69
	android:uiOptions
		ADDED from src\main\AndroidManifest.xml:83:13-57
	android:name
		ADDED from src\main\AndroidManifest.xml:82:13-73
activity#com.savare.activity.ProdutoDetalhesActivity
ADDED from src\main\AndroidManifest.xml:84:9-70
	android:name
		ADDED from src\main\AndroidManifest.xml:84:19-67
activity#com.savare.activity.LogActivity
ADDED from src\main\AndroidManifest.xml:85:9-58
	android:name
		ADDED from src\main\AndroidManifest.xml:85:19-55
activity#com.savare.activity.fragment.ClienteCadastroFragment
ADDED from src\main\AndroidManifest.xml:86:9-79
	android:name
		ADDED from src\main\AndroidManifest.xml:86:19-76
activity#com.savare.activity.material.designer.InicioMDActivity
ADDED from src\main\AndroidManifest.xml:87:9-88:56
	android:theme
		ADDED from src\main\AndroidManifest.xml:88:19-54
	android:name
		ADDED from src\main\AndroidManifest.xml:87:19-78
activity#com.savare.activity.material.designer.ProdutoDetalhesMDActivity
ADDED from src\main\AndroidManifest.xml:89:9-90:50
	android:theme
		ADDED from src\main\AndroidManifest.xml:90:13-48
	android:name
		ADDED from src\main\AndroidManifest.xml:89:19-87
activity#com.savare.activity.material.designer.ListaTitulosMDActivity
ADDED from src\main\AndroidManifest.xml:91:9-96:20
	android:theme
		ADDED from src\main\AndroidManifest.xml:92:13-48
	android:name
		ADDED from src\main\AndroidManifest.xml:91:19-84
activity#com.savare.activity.LoginActivity
ADDED from src\main\AndroidManifest.xml:97:9-60
	android:name
		ADDED from src\main\AndroidManifest.xml:97:19-57
activity#com.savare.activity.material.designer.ProdutoListaMDActivity
ADDED from src\main\AndroidManifest.xml:99:9-105:20
	android:theme
		ADDED from src\main\AndroidManifest.xml:101:13-48
	android:name
		ADDED from src\main\AndroidManifest.xml:100:13-78
activity#com.savare.activity.SearchableActivity
ADDED from src\main\AndroidManifest.xml:107:9-120:20
	android:label
		ADDED from src\main\AndroidManifest.xml:110:13-45
	android:launchMode
		ADDED from src\main\AndroidManifest.xml:111:13-43
	android:windowSoftInputMode
		ADDED from src\main\AndroidManifest.xml:108:13-66
	android:theme
		ADDED from src\main\AndroidManifest.xml:112:13-48
	android:name
		ADDED from src\main\AndroidManifest.xml:109:13-66
activity#com.savare.activity.material.designer.ClienteDetalhesMDActivity
ADDED from src\main\AndroidManifest.xml:122:9-123:50
	android:theme
		ADDED from src\main\AndroidManifest.xml:123:13-48
	android:name
		ADDED from src\main\AndroidManifest.xml:122:19-87
activity#com.savare.activity.material.designer.ClienteListaMDActivity
ADDED from src\main\AndroidManifest.xml:124:9-129:20
	android:theme
		ADDED from src\main\AndroidManifest.xml:125:13-48
	android:name
		ADDED from src\main\AndroidManifest.xml:124:19-84
activity#com.savare.activity.material.designer.OrcamentoTabFragmentMDActivity
ADDED from src\main\AndroidManifest.xml:131:9-134:20
	android:theme
		ADDED from src\main\AndroidManifest.xml:133:13-48
	android:name
		ADDED from src\main\AndroidManifest.xml:132:13-86
activity#com.savare.activity.material.designer.ListaOrcamentoPedidoMDActivity
ADDED from src\main\AndroidManifest.xml:136:9-139:20
	android:theme
		ADDED from src\main\AndroidManifest.xml:138:13-48
	android:name
		ADDED from src\main\AndroidManifest.xml:137:13-86
activity#com.savare.activity.material.designer.SincronizacaoMDActivity
ADDED from src\main\AndroidManifest.xml:141:9-144:20
	android:theme
		ADDED from src\main\AndroidManifest.xml:143:13-48
	android:name
		ADDED from src\main\AndroidManifest.xml:142:13-79
activity#com.savare.activity.material.designer.ConfiguracoesMDActivity
ADDED from src\main\AndroidManifest.xml:146:9-149:20
	android:theme
		ADDED from src\main\AndroidManifest.xml:148:13-48
	android:name
		ADDED from src\main\AndroidManifest.xml:147:13-79
activity#com.savare.activity.material.designer.OrcamentoProdutoDetalhesTabFragmentMDActivity
ADDED from src\main\AndroidManifest.xml:151:9-153:20
	android:theme
		ADDED from src\main\AndroidManifest.xml:152:13-48
	android:name
		ADDED from src\main\AndroidManifest.xml:151:19-107
provider#com.savare.sincronizacao.EnviarProvider
ADDED from src\main\AndroidManifest.xml:155:9-158:40
	android:authorities
		ADDED from src\main\AndroidManifest.xml:157:13-60
	android:exported
		ADDED from src\main\AndroidManifest.xml:158:13-37
	android:name
		ADDED from src\main\AndroidManifest.xml:156:13-57
provider#com.savare.provider.SearchableProvider
ADDED from src\main\AndroidManifest.xml:160:9-162:69
	android:authorities
		ADDED from src\main\AndroidManifest.xml:161:13-73
	android:name
		ADDED from src\main\AndroidManifest.xml:162:13-66
service#com.savare.sincronizacao.SyncService
ADDED from src\main\AndroidManifest.xml:165:9-181:19
	android:process
		ADDED from src\main\AndroidManifest.xml:168:13-36
	android:exported
		ADDED from src\main\AndroidManifest.xml:167:13-36
	android:name
		ADDED from src\main\AndroidManifest.xml:166:13-54
intent-filter#android.content.SyncAdapter
ADDED from src\main\AndroidManifest.xml:174:13-176:29
action#android.content.SyncAdapter
ADDED from src\main\AndroidManifest.xml:175:17-70
	android:name
		ADDED from src\main\AndroidManifest.xml:175:25-67
meta-data#android.content.SyncAdapter
ADDED from src\main\AndroidManifest.xml:178:13-180:55
	android:resource
		ADDED from src\main\AndroidManifest.xml:180:17-52
	android:name
		ADDED from src\main\AndroidManifest.xml:179:17-59
service#com.savare.sincronizacao.ContaService
ADDED from src\main\AndroidManifest.xml:184:9-194:19
	android:name
		ADDED from src\main\AndroidManifest.xml:184:18-60
intent-filter#android.accounts.AccountAuthenticator
ADDED from src\main\AndroidManifest.xml:187:13-189:29
action#android.accounts.AccountAuthenticator
ADDED from src\main\AndroidManifest.xml:188:17-80
	android:name
		ADDED from src\main\AndroidManifest.xml:188:25-77
meta-data#android.accounts.AccountAuthenticator
ADDED from src\main\AndroidManifest.xml:191:13-193:57
	android:resource
		ADDED from src\main\AndroidManifest.xml:193:17-54
	android:name
		ADDED from src\main\AndroidManifest.xml:192:17-69
receiver#com.savare.funcoes.rotinas.receptor.ReceptorAlarmeEnviarOrcamentoBroadcastRotinas
ADDED from src\main\AndroidManifest.xml:196:9-204:20
	android:label
		ADDED from src\main\AndroidManifest.xml:198:13-74
	android:name
		ADDED from src\main\AndroidManifest.xml:197:13-99
intent-filter#ENVIAR_ORCAMENTO_SAVARE+android.intent.category.DEFAULT
ADDED from src\main\AndroidManifest.xml:199:13-203:29
action#ENVIAR_ORCAMENTO_SAVARE
ADDED from src\main\AndroidManifest.xml:200:17-66
	android:name
		ADDED from src\main\AndroidManifest.xml:200:25-63
category#android.intent.category.DEFAULT
ADDED from src\main\AndroidManifest.xml:202:17-76
	android:name
		ADDED from src\main\AndroidManifest.xml:202:27-73
receiver#com.savare.funcoes.rotinas.receptor.ReceptorNotificarAparelhoRotinas
ADDED from src\main\AndroidManifest.xml:205:9-213:20
	android:label
		ADDED from src\main\AndroidManifest.xml:207:13-61
	android:name
		ADDED from src\main\AndroidManifest.xml:206:13-86
intent-filter#NOTIFICACAO_SAVARE+android.intent.category.DEFAULT
ADDED from src\main\AndroidManifest.xml:208:13-212:29
action#NOTIFICACAO_SAVARE
ADDED from src\main\AndroidManifest.xml:211:17-61
	android:name
		ADDED from src\main\AndroidManifest.xml:211:25-58
receiver#com.savare.funcoes.rotinas.receptor.ReceptorCriarAlarmeRebootRotinas
ADDED from src\main\AndroidManifest.xml:214:9-224:20
	android:label
		ADDED from src\main\AndroidManifest.xml:216:13-61
	android:name
		ADDED from src\main\AndroidManifest.xml:215:13-86
intent-filter#android.intent.action.BOOT_COMPLETED+android.intent.action.REBOOT+android.intent.category.DEFAULT
ADDED from src\main\AndroidManifest.xml:217:13-223:29
action#android.intent.action.BOOT_COMPLETED
ADDED from src\main\AndroidManifest.xml:218:17-79
	android:name
		ADDED from src\main\AndroidManifest.xml:218:25-76
action#android.intent.action.REBOOT
ADDED from src\main\AndroidManifest.xml:222:17-71
	android:name
		ADDED from src\main\AndroidManifest.xml:222:25-68
receiver#com.savare.funcoes.rotinas.receptor.ReceptorAlarmeReceberDadosBroadcastRotinas
ADDED from src\main\AndroidManifest.xml:225:9-233:20
	android:label
		ADDED from src\main\AndroidManifest.xml:227:13-71
	android:name
		ADDED from src\main\AndroidManifest.xml:226:13-96
intent-filter#RECEBER_DADOS_SAVARE+android.intent.category.DEFAULT
ADDED from src\main\AndroidManifest.xml:228:13-232:29
action#RECEBER_DADOS_SAVARE
ADDED from src\main\AndroidManifest.xml:231:17-63
	android:name
		ADDED from src\main\AndroidManifest.xml:231:25-60
receiver#com.savare.funcoes.rotinas.receptor.ReceptorAlarmeEnviarCadastroPessoaBroadcastRotinas
ADDED from src\main\AndroidManifest.xml:234:9-242:20
	android:label
		ADDED from src\main\AndroidManifest.xml:236:13-79
	android:name
		ADDED from src\main\AndroidManifest.xml:235:13-104
intent-filter#ENVIAR_OUTROS_DADOS_SAVARE+android.intent.category.DEFAULT
ADDED from src\main\AndroidManifest.xml:237:13-241:29
action#ENVIAR_OUTROS_DADOS_SAVARE
ADDED from src\main\AndroidManifest.xml:238:17-69
	android:name
		ADDED from src\main\AndroidManifest.xml:238:25-66
meta-data#com.google.android.gms.version
ADDED from src\main\AndroidManifest.xml:245:9-247:69
	android:value
		ADDED from src\main\AndroidManifest.xml:247:13-66
	android:name
		ADDED from src\main\AndroidManifest.xml:246:13-58